2025-06-03 22:47:02.967 -05:00 [DBG] Scanning the filetree of C:\Users\Docto\Desktop\GMLoader project\bin\Release\net8.0\mods
2025-06-03 22:47:02.974 -05:00 [DBG] mods
2025-06-03 22:47:02.975 -05:00 [DBG] ├── code
2025-06-03 22:47:02.976 -05:00 [DBG] ├── config
2025-06-03 22:47:02.976 -05:00 [DBG] |   ├── code_patch
2025-06-03 22:47:02.976 -05:00 [DBG] |   └── textures_properties
2025-06-03 22:47:02.976 -05:00 [DBG] |       └── backgrounds
2025-06-03 22:47:02.976 -05:00 [DBG] ├── csx
2025-06-03 22:47:02.976 -05:00 [DBG] |   ├── after
2025-06-03 22:47:02.976 -05:00 [DBG] |   |   └── SanityCheck.csx
2025-06-03 22:47:02.976 -05:00 [DBG] |   ├── builtin
2025-06-03 22:47:02.977 -05:00 [DBG] |   |   ├── 1_ImportTexture.csx
2025-06-03 22:47:02.977 -05:00 [DBG] |   |   ├── 2_ImportShader.csx
2025-06-03 22:47:02.977 -05:00 [DBG] |   |   ├── 3_NewObjectManipulation.csx
2025-06-03 22:47:02.977 -05:00 [DBG] |   |   ├── 4_ImportGML.csx
2025-06-03 22:47:02.977 -05:00 [DBG] |   |   ├── 5_PrependGML.csx
2025-06-03 22:47:02.977 -05:00 [DBG] |   |   ├── 6_AppendGML.csx
2025-06-03 22:47:02.977 -05:00 [DBG] |   |   ├── 7_ExistingObjectManipulation.csx
2025-06-03 22:47:02.977 -05:00 [DBG] |   |   ├── 8_ImportRoom.csx
2025-06-03 22:47:02.977 -05:00 [DBG] |   |   └── exportscript
2025-06-03 22:47:02.978 -05:00 [DBG] |   |       ├── exportAudio.csx
2025-06-03 22:47:02.978 -05:00 [DBG] |   |       ├── exportCode.csx
2025-06-03 22:47:02.978 -05:00 [DBG] |   |       ├── exportObject.csx
2025-06-03 22:47:02.978 -05:00 [DBG] |   |       ├── exportRoom.csx
2025-06-03 22:47:02.978 -05:00 [DBG] |   |       └── exportTexture.csx
2025-06-03 22:47:02.978 -05:00 [DBG] |   ├── post
2025-06-03 22:47:02.978 -05:00 [DBG] |   └── pre
2025-06-03 22:47:02.978 -05:00 [DBG] ├── room
2025-06-03 22:47:02.978 -05:00 [DBG] └── textures
2025-06-03 22:47:02.978 -05:00 [DBG]     └── nostrip
2025-06-03 22:47:02.980 -05:00 [INF] Reading game data from data.win
2025-06-03 22:47:07.058 -05:00 [INF] Backup of the data has been created at C:\Users\Docto\Desktop\GMLoader project\bin\Release\net8.0\backup.win
2025-06-03 22:47:07.068 -05:00 [INF] Loaded game ufo50
2025-06-03 22:47:07.379 -05:00 [DBG] The pre-CSX folder is empty. At C:\Users\Docto\Desktop\GMLoader project\bin\Release\net8.0\mods\csx\pre , skipping the process.
2025-06-03 22:47:07.380 -05:00 [INF] Loading builtin-CSX scripts.
2025-06-03 22:47:07.401 -05:00 [DBG] The sprite and background configuration files are empty, at ./mods/config/textures_properties, skipping texture import
2025-06-03 22:47:07.424 -05:00 [INF] Attempting to execute '1_ImportTexture.csx'
2025-06-03 22:47:13.101 -05:00 [ERR] Microsoft.CodeAnalysis.Scripting.CompilationErrorException: error CS0246: The type or namespace name 'Serilog' could not be found (are you missing a using directive or an assembly reference?)
   at Microsoft.CodeAnalysis.Scripting.ScriptBuilder.ThrowIfAnyCompilationErrors(DiagnosticBag diagnostics, DiagnosticFormatter formatter)
   at Microsoft.CodeAnalysis.Scripting.ScriptBuilder.CreateExecutor[T](ScriptCompiler compiler, Compilation compilation, Boolean emitDebugInformation, CancellationToken cancellationToken)
   at Microsoft.CodeAnalysis.Scripting.Script`1.GetExecutor(CancellationToken cancellationToken)
   at Microsoft.CodeAnalysis.Scripting.Script`1.RunAsync(Object globals, Func`2 catchException, CancellationToken cancellationToken)
   at Microsoft.CodeAnalysis.Scripting.Script`1.RunAsync(Object globals, CancellationToken cancellationToken)
   at Microsoft.CodeAnalysis.CSharp.Scripting.CSharpScript.RunAsync[T](String code, ScriptOptions options, Object globals, Type globalsType, CancellationToken cancellationToken)
   at Microsoft.CodeAnalysis.CSharp.Scripting.CSharpScript.EvaluateAsync[T](String code, ScriptOptions options, Object globals, Type globalsType, CancellationToken cancellationToken)
   at Microsoft.CodeAnalysis.CSharp.Scripting.CSharpScript.EvaluateAsync(String code, ScriptOptions options, Object globals, Type globalsType, CancellationToken cancellationToken)
   at GMLoader.GMLoaderProgram.RunCSharpCode(String code, String scriptFile) in C:\Users\Docto\Desktop\GMLoader project\Program.cs:line 1187
2025-06-03 22:47:13.107 -05:00 [ERR] Microsoft.CodeAnalysis.Scripting.CompilationErrorException: error CS0246: The type or namespace name 'Serilog' could not be found (are you missing a using directive or an assembly reference?)
   at Microsoft.CodeAnalysis.Scripting.ScriptBuilder.ThrowIfAnyCompilationErrors(DiagnosticBag diagnostics, DiagnosticFormatter formatter)
   at Microsoft.CodeAnalysis.Scripting.ScriptBuilder.CreateExecutor[T](ScriptCompiler compiler, Compilation compilation, Boolean emitDebugInformation, CancellationToken cancellationToken)
   at Microsoft.CodeAnalysis.Scripting.Script`1.GetExecutor(CancellationToken cancellationToken)
   at Microsoft.CodeAnalysis.Scripting.Script`1.RunAsync(Object globals, Func`2 catchException, CancellationToken cancellationToken)
   at Microsoft.CodeAnalysis.Scripting.Script`1.RunAsync(Object globals, CancellationToken cancellationToken)
   at Microsoft.CodeAnalysis.CSharp.Scripting.CSharpScript.RunAsync[T](String code, ScriptOptions options, Object globals, Type globalsType, CancellationToken cancellationToken)
   at Microsoft.CodeAnalysis.CSharp.Scripting.CSharpScript.EvaluateAsync[T](String code, ScriptOptions options, Object globals, Type globalsType, CancellationToken cancellationToken)
   at Microsoft.CodeAnalysis.CSharp.Scripting.CSharpScript.EvaluateAsync(String code, ScriptOptions options, Object globals, Type globalsType, CancellationToken cancellationToken)
   at GMLoader.GMLoaderProgram.RunCSharpCode(String code, String scriptFile) in C:\Users\Docto\Desktop\GMLoader project\Program.cs:line 1187
2025-06-03 22:47:13.146 -05:00 [INF] Attempting to execute '2_ImportShader.csx'
2025-06-03 22:47:13.906 -05:00 [ERR] Microsoft.CodeAnalysis.Scripting.CompilationErrorException: error CS0246: The type or namespace name 'Serilog' could not be found (are you missing a using directive or an assembly reference?)
   at Microsoft.CodeAnalysis.Scripting.ScriptBuilder.ThrowIfAnyCompilationErrors(DiagnosticBag diagnostics, DiagnosticFormatter formatter)
   at Microsoft.CodeAnalysis.Scripting.ScriptBuilder.CreateExecutor[T](ScriptCompiler compiler, Compilation compilation, Boolean emitDebugInformation, CancellationToken cancellationToken)
   at Microsoft.CodeAnalysis.Scripting.Script`1.GetExecutor(CancellationToken cancellationToken)
   at Microsoft.CodeAnalysis.Scripting.Script`1.RunAsync(Object globals, Func`2 catchException, CancellationToken cancellationToken)
   at Microsoft.CodeAnalysis.Scripting.Script`1.RunAsync(Object globals, CancellationToken cancellationToken)
   at Microsoft.CodeAnalysis.CSharp.Scripting.CSharpScript.RunAsync[T](String code, ScriptOptions options, Object globals, Type globalsType, CancellationToken cancellationToken)
   at Microsoft.CodeAnalysis.CSharp.Scripting.CSharpScript.EvaluateAsync[T](String code, ScriptOptions options, Object globals, Type globalsType, CancellationToken cancellationToken)
   at Microsoft.CodeAnalysis.CSharp.Scripting.CSharpScript.EvaluateAsync(String code, ScriptOptions options, Object globals, Type globalsType, CancellationToken cancellationToken)
   at GMLoader.GMLoaderProgram.RunCSharpCode(String code, String scriptFile) in C:\Users\Docto\Desktop\GMLoader project\Program.cs:line 1187
2025-06-03 22:47:13.910 -05:00 [ERR] Microsoft.CodeAnalysis.Scripting.CompilationErrorException: error CS0246: The type or namespace name 'Serilog' could not be found (are you missing a using directive or an assembly reference?)
   at Microsoft.CodeAnalysis.Scripting.ScriptBuilder.ThrowIfAnyCompilationErrors(DiagnosticBag diagnostics, DiagnosticFormatter formatter)
   at Microsoft.CodeAnalysis.Scripting.ScriptBuilder.CreateExecutor[T](ScriptCompiler compiler, Compilation compilation, Boolean emitDebugInformation, CancellationToken cancellationToken)
   at Microsoft.CodeAnalysis.Scripting.Script`1.GetExecutor(CancellationToken cancellationToken)
   at Microsoft.CodeAnalysis.Scripting.Script`1.RunAsync(Object globals, Func`2 catchException, CancellationToken cancellationToken)
   at Microsoft.CodeAnalysis.Scripting.Script`1.RunAsync(Object globals, CancellationToken cancellationToken)
   at Microsoft.CodeAnalysis.CSharp.Scripting.CSharpScript.RunAsync[T](String code, ScriptOptions options, Object globals, Type globalsType, CancellationToken cancellationToken)
   at Microsoft.CodeAnalysis.CSharp.Scripting.CSharpScript.EvaluateAsync[T](String code, ScriptOptions options, Object globals, Type globalsType, CancellationToken cancellationToken)
   at Microsoft.CodeAnalysis.CSharp.Scripting.CSharpScript.EvaluateAsync(String code, ScriptOptions options, Object globals, Type globalsType, CancellationToken cancellationToken)
   at GMLoader.GMLoaderProgram.RunCSharpCode(String code, String scriptFile) in C:\Users\Docto\Desktop\GMLoader project\Program.cs:line 1187
2025-06-03 22:47:13.920 -05:00 [INF] Attempting to execute '3_NewObjectManipulation.csx'
2025-06-03 22:47:14.315 -05:00 [ERR] Microsoft.CodeAnalysis.Scripting.CompilationErrorException: error CS0246: The type or namespace name 'Serilog' could not be found (are you missing a using directive or an assembly reference?)
   at Microsoft.CodeAnalysis.Scripting.ScriptBuilder.ThrowIfAnyCompilationErrors(DiagnosticBag diagnostics, DiagnosticFormatter formatter)
   at Microsoft.CodeAnalysis.Scripting.ScriptBuilder.CreateExecutor[T](ScriptCompiler compiler, Compilation compilation, Boolean emitDebugInformation, CancellationToken cancellationToken)
   at Microsoft.CodeAnalysis.Scripting.Script`1.GetExecutor(CancellationToken cancellationToken)
   at Microsoft.CodeAnalysis.Scripting.Script`1.RunAsync(Object globals, Func`2 catchException, CancellationToken cancellationToken)
   at Microsoft.CodeAnalysis.Scripting.Script`1.RunAsync(Object globals, CancellationToken cancellationToken)
   at Microsoft.CodeAnalysis.CSharp.Scripting.CSharpScript.RunAsync[T](String code, ScriptOptions options, Object globals, Type globalsType, CancellationToken cancellationToken)
   at Microsoft.CodeAnalysis.CSharp.Scripting.CSharpScript.EvaluateAsync[T](String code, ScriptOptions options, Object globals, Type globalsType, CancellationToken cancellationToken)
   at Microsoft.CodeAnalysis.CSharp.Scripting.CSharpScript.EvaluateAsync(String code, ScriptOptions options, Object globals, Type globalsType, CancellationToken cancellationToken)
   at GMLoader.GMLoaderProgram.RunCSharpCode(String code, String scriptFile) in C:\Users\Docto\Desktop\GMLoader project\Program.cs:line 1187
2025-06-03 22:47:14.318 -05:00 [ERR] Microsoft.CodeAnalysis.Scripting.CompilationErrorException: error CS0246: The type or namespace name 'Serilog' could not be found (are you missing a using directive or an assembly reference?)
   at Microsoft.CodeAnalysis.Scripting.ScriptBuilder.ThrowIfAnyCompilationErrors(DiagnosticBag diagnostics, DiagnosticFormatter formatter)
   at Microsoft.CodeAnalysis.Scripting.ScriptBuilder.CreateExecutor[T](ScriptCompiler compiler, Compilation compilation, Boolean emitDebugInformation, CancellationToken cancellationToken)
   at Microsoft.CodeAnalysis.Scripting.Script`1.GetExecutor(CancellationToken cancellationToken)
   at Microsoft.CodeAnalysis.Scripting.Script`1.RunAsync(Object globals, Func`2 catchException, CancellationToken cancellationToken)
   at Microsoft.CodeAnalysis.Scripting.Script`1.RunAsync(Object globals, CancellationToken cancellationToken)
   at Microsoft.CodeAnalysis.CSharp.Scripting.CSharpScript.RunAsync[T](String code, ScriptOptions options, Object globals, Type globalsType, CancellationToken cancellationToken)
   at Microsoft.CodeAnalysis.CSharp.Scripting.CSharpScript.EvaluateAsync[T](String code, ScriptOptions options, Object globals, Type globalsType, CancellationToken cancellationToken)
   at Microsoft.CodeAnalysis.CSharp.Scripting.CSharpScript.EvaluateAsync(String code, ScriptOptions options, Object globals, Type globalsType, CancellationToken cancellationToken)
   at GMLoader.GMLoaderProgram.RunCSharpCode(String code, String scriptFile) in C:\Users\Docto\Desktop\GMLoader project\Program.cs:line 1187
2025-06-03 22:47:14.322 -05:00 [INF] Attempting to execute '4_ImportGML.csx'
2025-06-03 22:47:14.531 -05:00 [ERR] Microsoft.CodeAnalysis.Scripting.CompilationErrorException: error CS0246: The type or namespace name 'Serilog' could not be found (are you missing a using directive or an assembly reference?)
   at Microsoft.CodeAnalysis.Scripting.ScriptBuilder.ThrowIfAnyCompilationErrors(DiagnosticBag diagnostics, DiagnosticFormatter formatter)
   at Microsoft.CodeAnalysis.Scripting.ScriptBuilder.CreateExecutor[T](ScriptCompiler compiler, Compilation compilation, Boolean emitDebugInformation, CancellationToken cancellationToken)
   at Microsoft.CodeAnalysis.Scripting.Script`1.GetExecutor(CancellationToken cancellationToken)
   at Microsoft.CodeAnalysis.Scripting.Script`1.RunAsync(Object globals, Func`2 catchException, CancellationToken cancellationToken)
   at Microsoft.CodeAnalysis.Scripting.Script`1.RunAsync(Object globals, CancellationToken cancellationToken)
   at Microsoft.CodeAnalysis.CSharp.Scripting.CSharpScript.RunAsync[T](String code, ScriptOptions options, Object globals, Type globalsType, CancellationToken cancellationToken)
   at Microsoft.CodeAnalysis.CSharp.Scripting.CSharpScript.EvaluateAsync[T](String code, ScriptOptions options, Object globals, Type globalsType, CancellationToken cancellationToken)
   at Microsoft.CodeAnalysis.CSharp.Scripting.CSharpScript.EvaluateAsync(String code, ScriptOptions options, Object globals, Type globalsType, CancellationToken cancellationToken)
   at GMLoader.GMLoaderProgram.RunCSharpCode(String code, String scriptFile) in C:\Users\Docto\Desktop\GMLoader project\Program.cs:line 1187
2025-06-03 22:47:14.535 -05:00 [ERR] Microsoft.CodeAnalysis.Scripting.CompilationErrorException: error CS0246: The type or namespace name 'Serilog' could not be found (are you missing a using directive or an assembly reference?)
   at Microsoft.CodeAnalysis.Scripting.ScriptBuilder.ThrowIfAnyCompilationErrors(DiagnosticBag diagnostics, DiagnosticFormatter formatter)
   at Microsoft.CodeAnalysis.Scripting.ScriptBuilder.CreateExecutor[T](ScriptCompiler compiler, Compilation compilation, Boolean emitDebugInformation, CancellationToken cancellationToken)
   at Microsoft.CodeAnalysis.Scripting.Script`1.GetExecutor(CancellationToken cancellationToken)
   at Microsoft.CodeAnalysis.Scripting.Script`1.RunAsync(Object globals, Func`2 catchException, CancellationToken cancellationToken)
   at Microsoft.CodeAnalysis.Scripting.Script`1.RunAsync(Object globals, CancellationToken cancellationToken)
   at Microsoft.CodeAnalysis.CSharp.Scripting.CSharpScript.RunAsync[T](String code, ScriptOptions options, Object globals, Type globalsType, CancellationToken cancellationToken)
   at Microsoft.CodeAnalysis.CSharp.Scripting.CSharpScript.EvaluateAsync[T](String code, ScriptOptions options, Object globals, Type globalsType, CancellationToken cancellationToken)
   at Microsoft.CodeAnalysis.CSharp.Scripting.CSharpScript.EvaluateAsync(String code, ScriptOptions options, Object globals, Type globalsType, CancellationToken cancellationToken)
   at GMLoader.GMLoaderProgram.RunCSharpCode(String code, String scriptFile) in C:\Users\Docto\Desktop\GMLoader project\Program.cs:line 1187
2025-06-03 22:47:14.565 -05:00 [INF] Attempting to execute '5_PrependGML.csx'
2025-06-03 22:47:14.810 -05:00 [ERR] Microsoft.CodeAnalysis.Scripting.CompilationErrorException: error CS0246: The type or namespace name 'Serilog' could not be found (are you missing a using directive or an assembly reference?)
   at Microsoft.CodeAnalysis.Scripting.ScriptBuilder.ThrowIfAnyCompilationErrors(DiagnosticBag diagnostics, DiagnosticFormatter formatter)
   at Microsoft.CodeAnalysis.Scripting.ScriptBuilder.CreateExecutor[T](ScriptCompiler compiler, Compilation compilation, Boolean emitDebugInformation, CancellationToken cancellationToken)
   at Microsoft.CodeAnalysis.Scripting.Script`1.GetExecutor(CancellationToken cancellationToken)
   at Microsoft.CodeAnalysis.Scripting.Script`1.RunAsync(Object globals, Func`2 catchException, CancellationToken cancellationToken)
   at Microsoft.CodeAnalysis.Scripting.Script`1.RunAsync(Object globals, CancellationToken cancellationToken)
   at Microsoft.CodeAnalysis.CSharp.Scripting.CSharpScript.RunAsync[T](String code, ScriptOptions options, Object globals, Type globalsType, CancellationToken cancellationToken)
   at Microsoft.CodeAnalysis.CSharp.Scripting.CSharpScript.EvaluateAsync[T](String code, ScriptOptions options, Object globals, Type globalsType, CancellationToken cancellationToken)
   at Microsoft.CodeAnalysis.CSharp.Scripting.CSharpScript.EvaluateAsync(String code, ScriptOptions options, Object globals, Type globalsType, CancellationToken cancellationToken)
   at GMLoader.GMLoaderProgram.RunCSharpCode(String code, String scriptFile) in C:\Users\Docto\Desktop\GMLoader project\Program.cs:line 1187
2025-06-03 22:47:14.814 -05:00 [ERR] Microsoft.CodeAnalysis.Scripting.CompilationErrorException: error CS0246: The type or namespace name 'Serilog' could not be found (are you missing a using directive or an assembly reference?)
   at Microsoft.CodeAnalysis.Scripting.ScriptBuilder.ThrowIfAnyCompilationErrors(DiagnosticBag diagnostics, DiagnosticFormatter formatter)
   at Microsoft.CodeAnalysis.Scripting.ScriptBuilder.CreateExecutor[T](ScriptCompiler compiler, Compilation compilation, Boolean emitDebugInformation, CancellationToken cancellationToken)
   at Microsoft.CodeAnalysis.Scripting.Script`1.GetExecutor(CancellationToken cancellationToken)
   at Microsoft.CodeAnalysis.Scripting.Script`1.RunAsync(Object globals, Func`2 catchException, CancellationToken cancellationToken)
   at Microsoft.CodeAnalysis.Scripting.Script`1.RunAsync(Object globals, CancellationToken cancellationToken)
   at Microsoft.CodeAnalysis.CSharp.Scripting.CSharpScript.RunAsync[T](String code, ScriptOptions options, Object globals, Type globalsType, CancellationToken cancellationToken)
   at Microsoft.CodeAnalysis.CSharp.Scripting.CSharpScript.EvaluateAsync[T](String code, ScriptOptions options, Object globals, Type globalsType, CancellationToken cancellationToken)
   at Microsoft.CodeAnalysis.CSharp.Scripting.CSharpScript.EvaluateAsync(String code, ScriptOptions options, Object globals, Type globalsType, CancellationToken cancellationToken)
   at GMLoader.GMLoaderProgram.RunCSharpCode(String code, String scriptFile) in C:\Users\Docto\Desktop\GMLoader project\Program.cs:line 1187
2025-06-03 22:47:14.818 -05:00 [INF] Attempting to execute '6_AppendGML.csx'
2025-06-03 22:47:15.115 -05:00 [ERR] Microsoft.CodeAnalysis.Scripting.CompilationErrorException: error CS0246: The type or namespace name 'Serilog' could not be found (are you missing a using directive or an assembly reference?)
   at Microsoft.CodeAnalysis.Scripting.ScriptBuilder.ThrowIfAnyCompilationErrors(DiagnosticBag diagnostics, DiagnosticFormatter formatter)
   at Microsoft.CodeAnalysis.Scripting.ScriptBuilder.CreateExecutor[T](ScriptCompiler compiler, Compilation compilation, Boolean emitDebugInformation, CancellationToken cancellationToken)
   at Microsoft.CodeAnalysis.Scripting.Script`1.GetExecutor(CancellationToken cancellationToken)
   at Microsoft.CodeAnalysis.Scripting.Script`1.RunAsync(Object globals, Func`2 catchException, CancellationToken cancellationToken)
   at Microsoft.CodeAnalysis.Scripting.Script`1.RunAsync(Object globals, CancellationToken cancellationToken)
   at Microsoft.CodeAnalysis.CSharp.Scripting.CSharpScript.RunAsync[T](String code, ScriptOptions options, Object globals, Type globalsType, CancellationToken cancellationToken)
   at Microsoft.CodeAnalysis.CSharp.Scripting.CSharpScript.EvaluateAsync[T](String code, ScriptOptions options, Object globals, Type globalsType, CancellationToken cancellationToken)
   at Microsoft.CodeAnalysis.CSharp.Scripting.CSharpScript.EvaluateAsync(String code, ScriptOptions options, Object globals, Type globalsType, CancellationToken cancellationToken)
   at GMLoader.GMLoaderProgram.RunCSharpCode(String code, String scriptFile) in C:\Users\Docto\Desktop\GMLoader project\Program.cs:line 1187
2025-06-03 22:47:15.119 -05:00 [ERR] Microsoft.CodeAnalysis.Scripting.CompilationErrorException: error CS0246: The type or namespace name 'Serilog' could not be found (are you missing a using directive or an assembly reference?)
   at Microsoft.CodeAnalysis.Scripting.ScriptBuilder.ThrowIfAnyCompilationErrors(DiagnosticBag diagnostics, DiagnosticFormatter formatter)
   at Microsoft.CodeAnalysis.Scripting.ScriptBuilder.CreateExecutor[T](ScriptCompiler compiler, Compilation compilation, Boolean emitDebugInformation, CancellationToken cancellationToken)
   at Microsoft.CodeAnalysis.Scripting.Script`1.GetExecutor(CancellationToken cancellationToken)
   at Microsoft.CodeAnalysis.Scripting.Script`1.RunAsync(Object globals, Func`2 catchException, CancellationToken cancellationToken)
   at Microsoft.CodeAnalysis.Scripting.Script`1.RunAsync(Object globals, CancellationToken cancellationToken)
   at Microsoft.CodeAnalysis.CSharp.Scripting.CSharpScript.RunAsync[T](String code, ScriptOptions options, Object globals, Type globalsType, CancellationToken cancellationToken)
   at Microsoft.CodeAnalysis.CSharp.Scripting.CSharpScript.EvaluateAsync[T](String code, ScriptOptions options, Object globals, Type globalsType, CancellationToken cancellationToken)
   at Microsoft.CodeAnalysis.CSharp.Scripting.CSharpScript.EvaluateAsync(String code, ScriptOptions options, Object globals, Type globalsType, CancellationToken cancellationToken)
   at GMLoader.GMLoaderProgram.RunCSharpCode(String code, String scriptFile) in C:\Users\Docto\Desktop\GMLoader project\Program.cs:line 1187
2025-06-03 22:47:15.125 -05:00 [INF] Attempting to execute '7_ExistingObjectManipulation.csx'
2025-06-03 22:47:15.439 -05:00 [ERR] Microsoft.CodeAnalysis.Scripting.CompilationErrorException: error CS0246: The type or namespace name 'Serilog' could not be found (are you missing a using directive or an assembly reference?)
   at Microsoft.CodeAnalysis.Scripting.ScriptBuilder.ThrowIfAnyCompilationErrors(DiagnosticBag diagnostics, DiagnosticFormatter formatter)
   at Microsoft.CodeAnalysis.Scripting.ScriptBuilder.CreateExecutor[T](ScriptCompiler compiler, Compilation compilation, Boolean emitDebugInformation, CancellationToken cancellationToken)
   at Microsoft.CodeAnalysis.Scripting.Script`1.GetExecutor(CancellationToken cancellationToken)
   at Microsoft.CodeAnalysis.Scripting.Script`1.RunAsync(Object globals, Func`2 catchException, CancellationToken cancellationToken)
   at Microsoft.CodeAnalysis.Scripting.Script`1.RunAsync(Object globals, CancellationToken cancellationToken)
   at Microsoft.CodeAnalysis.CSharp.Scripting.CSharpScript.RunAsync[T](String code, ScriptOptions options, Object globals, Type globalsType, CancellationToken cancellationToken)
   at Microsoft.CodeAnalysis.CSharp.Scripting.CSharpScript.EvaluateAsync[T](String code, ScriptOptions options, Object globals, Type globalsType, CancellationToken cancellationToken)
   at Microsoft.CodeAnalysis.CSharp.Scripting.CSharpScript.EvaluateAsync(String code, ScriptOptions options, Object globals, Type globalsType, CancellationToken cancellationToken)
   at GMLoader.GMLoaderProgram.RunCSharpCode(String code, String scriptFile) in C:\Users\Docto\Desktop\GMLoader project\Program.cs:line 1187
2025-06-03 22:47:15.442 -05:00 [ERR] Microsoft.CodeAnalysis.Scripting.CompilationErrorException: error CS0246: The type or namespace name 'Serilog' could not be found (are you missing a using directive or an assembly reference?)
   at Microsoft.CodeAnalysis.Scripting.ScriptBuilder.ThrowIfAnyCompilationErrors(DiagnosticBag diagnostics, DiagnosticFormatter formatter)
   at Microsoft.CodeAnalysis.Scripting.ScriptBuilder.CreateExecutor[T](ScriptCompiler compiler, Compilation compilation, Boolean emitDebugInformation, CancellationToken cancellationToken)
   at Microsoft.CodeAnalysis.Scripting.Script`1.GetExecutor(CancellationToken cancellationToken)
   at Microsoft.CodeAnalysis.Scripting.Script`1.RunAsync(Object globals, Func`2 catchException, CancellationToken cancellationToken)
   at Microsoft.CodeAnalysis.Scripting.Script`1.RunAsync(Object globals, CancellationToken cancellationToken)
   at Microsoft.CodeAnalysis.CSharp.Scripting.CSharpScript.RunAsync[T](String code, ScriptOptions options, Object globals, Type globalsType, CancellationToken cancellationToken)
   at Microsoft.CodeAnalysis.CSharp.Scripting.CSharpScript.EvaluateAsync[T](String code, ScriptOptions options, Object globals, Type globalsType, CancellationToken cancellationToken)
   at Microsoft.CodeAnalysis.CSharp.Scripting.CSharpScript.EvaluateAsync(String code, ScriptOptions options, Object globals, Type globalsType, CancellationToken cancellationToken)
   at GMLoader.GMLoaderProgram.RunCSharpCode(String code, String scriptFile) in C:\Users\Docto\Desktop\GMLoader project\Program.cs:line 1187
2025-06-03 22:47:15.461 -05:00 [INF] Attempting to execute '8_ImportRoom.csx'
2025-06-03 22:47:16.478 -05:00 [ERR] Microsoft.CodeAnalysis.Scripting.CompilationErrorException: error CS0246: The type or namespace name 'Serilog' could not be found (are you missing a using directive or an assembly reference?)
   at Microsoft.CodeAnalysis.Scripting.ScriptBuilder.ThrowIfAnyCompilationErrors(DiagnosticBag diagnostics, DiagnosticFormatter formatter)
   at Microsoft.CodeAnalysis.Scripting.ScriptBuilder.CreateExecutor[T](ScriptCompiler compiler, Compilation compilation, Boolean emitDebugInformation, CancellationToken cancellationToken)
   at Microsoft.CodeAnalysis.Scripting.Script`1.GetExecutor(CancellationToken cancellationToken)
   at Microsoft.CodeAnalysis.Scripting.Script`1.RunAsync(Object globals, Func`2 catchException, CancellationToken cancellationToken)
   at Microsoft.CodeAnalysis.Scripting.Script`1.RunAsync(Object globals, CancellationToken cancellationToken)
   at Microsoft.CodeAnalysis.CSharp.Scripting.CSharpScript.RunAsync[T](String code, ScriptOptions options, Object globals, Type globalsType, CancellationToken cancellationToken)
   at Microsoft.CodeAnalysis.CSharp.Scripting.CSharpScript.EvaluateAsync[T](String code, ScriptOptions options, Object globals, Type globalsType, CancellationToken cancellationToken)
   at Microsoft.CodeAnalysis.CSharp.Scripting.CSharpScript.EvaluateAsync(String code, ScriptOptions options, Object globals, Type globalsType, CancellationToken cancellationToken)
   at GMLoader.GMLoaderProgram.RunCSharpCode(String code, String scriptFile) in C:\Users\Docto\Desktop\GMLoader project\Program.cs:line 1187
2025-06-03 22:47:16.482 -05:00 [ERR] Microsoft.CodeAnalysis.Scripting.CompilationErrorException: error CS0246: The type or namespace name 'Serilog' could not be found (are you missing a using directive or an assembly reference?)
   at Microsoft.CodeAnalysis.Scripting.ScriptBuilder.ThrowIfAnyCompilationErrors(DiagnosticBag diagnostics, DiagnosticFormatter formatter)
   at Microsoft.CodeAnalysis.Scripting.ScriptBuilder.CreateExecutor[T](ScriptCompiler compiler, Compilation compilation, Boolean emitDebugInformation, CancellationToken cancellationToken)
   at Microsoft.CodeAnalysis.Scripting.Script`1.GetExecutor(CancellationToken cancellationToken)
   at Microsoft.CodeAnalysis.Scripting.Script`1.RunAsync(Object globals, Func`2 catchException, CancellationToken cancellationToken)
   at Microsoft.CodeAnalysis.Scripting.Script`1.RunAsync(Object globals, CancellationToken cancellationToken)
   at Microsoft.CodeAnalysis.CSharp.Scripting.CSharpScript.RunAsync[T](String code, ScriptOptions options, Object globals, Type globalsType, CancellationToken cancellationToken)
   at Microsoft.CodeAnalysis.CSharp.Scripting.CSharpScript.EvaluateAsync[T](String code, ScriptOptions options, Object globals, Type globalsType, CancellationToken cancellationToken)
   at Microsoft.CodeAnalysis.CSharp.Scripting.CSharpScript.EvaluateAsync(String code, ScriptOptions options, Object globals, Type globalsType, CancellationToken cancellationToken)
   at GMLoader.GMLoaderProgram.RunCSharpCode(String code, String scriptFile) in C:\Users\Docto\Desktop\GMLoader project\Program.cs:line 1187
2025-06-03 22:47:16.485 -05:00 [DBG] The post-CSX folder is empty. At C:\Users\Docto\Desktop\GMLoader project\bin\Release\net8.0\mods\csx\post , skipping the process.
2025-06-03 22:47:16.485 -05:00 [INF] Recompiling the data...
