2025-06-03 23:11:03.593 -05:00 [DBG] Scanning the filetree of C:\Users\Docto\Desktop\GMLoader project\output\mods
2025-06-03 23:11:03.599 -05:00 [DBG] mods
2025-06-03 23:11:03.600 -05:00 [DBG] ├── code
2025-06-03 23:11:03.600 -05:00 [DBG] ├── config
2025-06-03 23:11:03.601 -05:00 [DBG] |   ├── code_patch
2025-06-03 23:11:03.601 -05:00 [DBG] |   └── textures_properties
2025-06-03 23:11:03.601 -05:00 [DBG] |       └── backgrounds
2025-06-03 23:11:03.601 -05:00 [DBG] ├── csx
2025-06-03 23:11:03.601 -05:00 [DBG] |   ├── after
2025-06-03 23:11:03.601 -05:00 [DBG] |   |   └── SanityCheck.csx
2025-06-03 23:11:03.601 -05:00 [DBG] |   ├── builtin
2025-06-03 23:11:03.601 -05:00 [DBG] |   |   ├── 1_ImportTexture.csx
2025-06-03 23:11:03.610 -05:00 [DBG] |   |   ├── 2_ImportShader.csx
2025-06-03 23:11:03.610 -05:00 [DBG] |   |   ├── 3_NewObjectManipulation.csx
2025-06-03 23:11:03.610 -05:00 [DBG] |   |   ├── 4_ImportGML.csx
2025-06-03 23:11:03.610 -05:00 [DBG] |   |   ├── 5_PrependGML.csx
2025-06-03 23:11:03.610 -05:00 [DBG] |   |   ├── 6_AppendGML.csx
2025-06-03 23:11:03.610 -05:00 [DBG] |   |   ├── 7_ExistingObjectManipulation.csx
2025-06-03 23:11:03.610 -05:00 [DBG] |   |   ├── 8_ImportRoom.csx
2025-06-03 23:11:03.610 -05:00 [DBG] |   |   └── exportscript
2025-06-03 23:11:03.610 -05:00 [DBG] |   |       ├── exportAudio.csx
2025-06-03 23:11:03.610 -05:00 [DBG] |   |       ├── exportCode.csx
2025-06-03 23:11:03.610 -05:00 [DBG] |   |       ├── exportObject.csx
2025-06-03 23:11:03.610 -05:00 [DBG] |   |       ├── exportRoom.csx
2025-06-03 23:11:03.610 -05:00 [DBG] |   |       └── exportTexture.csx
2025-06-03 23:11:03.610 -05:00 [DBG] |   ├── post
2025-06-03 23:11:03.610 -05:00 [DBG] |   └── pre
2025-06-03 23:11:03.611 -05:00 [DBG] ├── room
2025-06-03 23:11:03.611 -05:00 [DBG] └── textures
2025-06-03 23:11:03.611 -05:00 [DBG]     └── nostrip
2025-06-03 23:11:03.613 -05:00 [INF] Reading game data from data.win
2025-06-03 23:11:08.802 -05:00 [INF] Backup of the data has been created at C:\Users\Docto\Desktop\GMLoader project\output\backup.win
2025-06-03 23:11:08.805 -05:00 [INF] Loaded game ufo50
2025-06-03 23:11:09.146 -05:00 [DBG] The pre-CSX folder is empty. At C:\Users\Docto\Desktop\GMLoader project\output\mods\csx\pre , skipping the process.
2025-06-03 23:11:09.146 -05:00 [INF] Loading builtin-CSX scripts.
2025-06-03 23:11:09.165 -05:00 [DBG] The sprite and background configuration files are empty, at ./mods/config/textures_properties, skipping texture import
2025-06-03 23:11:09.183 -05:00 [INF] Attempting to execute '1_ImportTexture.csx'
2025-06-03 23:11:13.632 -05:00 [DBG] No sprite strip textures to import at C:\Users\Docto\Desktop\GMLoader project\output\mods\textures
2025-06-03 23:11:13.634 -05:00 [DBG] The texture import folder path is empty. At C:\Users\Docto\Desktop\GMLoader project\output\mods\textures , skipping the process
2025-06-03 23:11:13.636 -05:00 [INF] Finished executing '1_ImportTexture.csx'
2025-06-03 23:11:13.679 -05:00 [INF] Attempting to execute '2_ImportShader.csx'
2025-06-03 23:11:14.993 -05:00 [DBG] The shader import folder path is empty. At C:\Users\Docto\Desktop\GMLoader project\output\mods\shader , skipping the process
2025-06-03 23:11:14.993 -05:00 [INF] Finished executing '2_ImportShader.csx'
2025-06-03 23:11:14.996 -05:00 [INF] Attempting to execute '3_NewObjectManipulation.csx'
2025-06-03 23:11:15.592 -05:00 [DBG] The config import folder path is empty. At C:\Users\Docto\Desktop\GMLoader project\output\mods\config\new_object , skipping the process
2025-06-03 23:11:15.592 -05:00 [INF] Finished executing '3_NewObjectManipulation.csx'
2025-06-03 23:11:15.595 -05:00 [INF] Attempting to execute '4_ImportGML.csx'
2025-06-03 23:11:16.128 -05:00 [DBG] The GML import folder path is empty, skipping the process
2025-06-03 23:11:16.129 -05:00 [INF] Finished executing '4_ImportGML.csx'
2025-06-03 23:11:16.155 -05:00 [INF] Attempting to execute '5_PrependGML.csx'
2025-06-03 23:11:16.778 -05:00 [DBG] The prependGML import folder path is empty. At C:\Users\Docto\Desktop\GMLoader project\output\mods\code\prependgml , skipping the process
2025-06-03 23:11:17.462 -05:00 [INF] Finished executing '5_PrependGML.csx'
2025-06-03 23:11:17.468 -05:00 [INF] Attempting to execute '6_AppendGML.csx'
2025-06-03 23:11:18.047 -05:00 [DBG] The appendGML import folder path is empty. At C:\Users\Docto\Desktop\GMLoader project\output\mods\code\appendgml , skipping the process
2025-06-03 23:11:18.835 -05:00 [INF] Finished executing '6_AppendGML.csx'
2025-06-03 23:11:18.867 -05:00 [INF] Attempting to execute '7_ExistingObjectManipulation.csx'
2025-06-03 23:11:19.544 -05:00 [DBG] The config import folder path is empty. At C:\Users\Docto\Desktop\GMLoader project\output\mods\config\existing_object , skipping the process
2025-06-03 23:11:19.544 -05:00 [INF] Finished executing '7_ExistingObjectManipulation.csx'
2025-06-03 23:11:19.568 -05:00 [INF] Attempting to execute '8_ImportRoom.csx'
2025-06-03 23:11:20.865 -05:00 [DBG] The room import folder path is empty. At C:\Users\Docto\Desktop\GMLoader project\output\mods\room , skipping the process
2025-06-03 23:11:20.865 -05:00 [INF] Finished executing '8_ImportRoom.csx'
2025-06-03 23:11:20.867 -05:00 [DBG] The post-CSX folder is empty. At C:\Users\Docto\Desktop\GMLoader project\output\mods\csx\post , skipping the process.
2025-06-03 23:11:20.867 -05:00 [INF] Recompiling the data...
2025-06-03 23:11:58.592 -05:00 [INF] Loading CSX Scripts after compilation.
2025-06-03 23:11:58.597 -05:00 [INF] Attempting to execute 'SanityCheck.csx'
2025-06-03 23:11:59.182 -05:00 [INF] Executing sanity check for corrupted sprites
2025-06-03 23:11:59.184 -05:00 [INF] All good.
2025-06-03 23:11:59.187 -05:00 [INF] Finished executing 'SanityCheck.csx'
2025-06-03 23:11:59.195 -05:00 [INF] Game Data has been recompiled, you can now launch the modded data through the game executable.

Elapsed time: 55.64 seconds (55639 ms)


Press any key to close...
